Using pre-set license
Built from '2020.3/staging' branch; Version is '2020.3.14f1 (d0d1bb862f9d) revision 13685179'; Using compiler version '192528614'; Build Type 'Release'
OS: 'Windows 10 Pro; OS build 19042.1110; Version 2009; 64bit' Language: 'fr' Physical Memory: 3977 MB
BatchMode: 1, IsHumanControllingUs: 0, StartBugReporterOnCrash: 0, Is64bit: 1, IsPro: 0

 COMMAND LINE ARGUMENTS:
C:\Program Files\Unity\Hub\Editor\2020.3.14f1\Editor\Unity.exe
-adb2
-batchMode
-noUpm
-name
AssetImportWorker5
-projectPath
C:/Users/Imaan/Desktop/The Adventures Of Oussama Khertate
-logFile
Logs/AssetImportWorker5.log
-srvPort
59168
Successfully changed project path to: C:/Users/Imaan/Desktop/The Adventures Of Oussama Khertate
C:/Users/Imaan/Desktop/The Adventures Of Oussama Khertate
Using Asset Import Pipeline V2.
Refreshing native plugins compatible for Editor in 51.20 ms, found 3 plugins.
Preloading 0 native plugins for Editor in 0.00 ms.
Initialize engine version: 2020.3.14f1 (d0d1bb862f9d)
[Subsystems] Discovering subsystems at path C:/Program Files/Unity/Hub/Editor/2020.3.14f1/Editor/Data/Resources/UnitySubsystems
[Subsystems] Discovering subsystems at path C:/Users/Imaan/Desktop/The Adventures Of Oussama Khertate/Assets
GfxDevice: creating device client; threaded=0
Direct3D:
    Version:  Direct3D 11.0 [level 11.1]
    Renderer: Intel(R) HD Graphics 620 (ID=0x5916)
    Vendor:   
    VRAM:     1988 MB
    Driver:   27.20.100.8681
Initialize mono
Mono path[0] = 'C:/Program Files/Unity/Hub/Editor/2020.3.14f1/Editor/Data/Managed'
Mono path[1] = 'C:/Program Files/Unity/Hub/Editor/2020.3.14f1/Editor/Data/MonoBleedingEdge/lib/mono/unityjit'
Mono config path = 'C:/Program Files/Unity/Hub/Editor/2020.3.14f1/Editor/Data/MonoBleedingEdge/etc'
Using monoOptions --debugger-agent=transport=dt_socket,embedding=1,server=y,suspend=n,address=127.0.0.1:56244
Begin MonoManager ReloadAssembly
Registering precompiled unity dll's ...
Register platform support module: C:/Program Files/Unity/Hub/Editor/2020.3.14f1/Editor/Data/PlaybackEngines/WebGLSupport/UnityEditor.WebGL.Extensions.dll
Register platform support module: C:/Program Files/Unity/Hub/Editor/2020.3.14f1/Editor/Data/PlaybackEngines/WindowsStandaloneSupport/UnityEditor.WindowsStandalone.Extensions.dll
Register platform support module: C:/Program Files/Unity/Hub/Editor/2020.3.14f1/Editor/Data/PlaybackEngines/LuminSupport/UnityEditor.Lumin.Extensions.dll
Registered in 0.003997 seconds.
Native extension for Lumin target not found
Native extension for WindowsStandalone target not found
Native extension for WebGL target not found
Refreshing native plugins compatible for Editor in 48.49 ms, found 3 plugins.
Preloading 0 native plugins for Editor in 0.00 ms.
Mono: successfully reloaded assembly
- Completed reload, in  1.649 seconds
Domain Reload Profiling:
	ReloadAssembly (1649ms)
		BeginReloadAssembly (74ms)
			ExecutionOrderSort (0ms)
			DisableScriptedObjects (0ms)
			BackupInstance (0ms)
			ReleaseScriptingObjects (0ms)
			CreateAndSetChildDomain (1ms)
		EndReloadAssembly (547ms)
			LoadAssemblies (72ms)
			RebuildTransferFunctionScriptingTraits (0ms)
			SetupTypeCache (218ms)
			ReleaseScriptCaches (0ms)
			RebuildScriptCaches (40ms)
			SetupLoadedEditorAssemblies (202ms)
				LogAssemblyErrors (0ms)
				InitializePlatformSupportModulesInManaged (6ms)
				SetLoadedEditorAssemblies (0ms)
				RefreshPlugins (49ms)
				BeforeProcessingInitializeOnLoad (8ms)
				ProcessInitializeOnLoadAttributes (104ms)
				ProcessInitializeOnLoadMethodAttributes (34ms)
				AfterProcessingInitializeOnLoad (0ms)
				EditorAssembliesLoaded (0ms)
			ExecutionOrderSort2 (0ms)
			AwakeInstancesAfterBackupRestoration (0ms)
Platform modules already initialized, skipping
Registering precompiled user dll's ...
Registered in 0.006224 seconds.
Begin MonoManager ReloadAssembly
Native extension for Lumin target not found
Native extension for WindowsStandalone target not found
Native extension for WebGL target not found
Refreshing native plugins compatible for Editor in 47.06 ms, found 3 plugins.
Preloading 0 native plugins for Editor in 0.00 ms.
Mono: successfully reloaded assembly
- Completed reload, in  6.235 seconds
Domain Reload Profiling:
	ReloadAssembly (6236ms)
		BeginReloadAssembly (184ms)
			ExecutionOrderSort (0ms)
			DisableScriptedObjects (5ms)
			BackupInstance (0ms)
			ReleaseScriptingObjects (0ms)
			CreateAndSetChildDomain (22ms)
		EndReloadAssembly (5975ms)
			LoadAssemblies (4545ms)
			RebuildTransferFunctionScriptingTraits (0ms)
			SetupTypeCache (502ms)
			ReleaseScriptCaches (0ms)
			RebuildScriptCaches (60ms)
			SetupLoadedEditorAssemblies (714ms)
				LogAssemblyErrors (0ms)
				InitializePlatformSupportModulesInManaged (6ms)
				SetLoadedEditorAssemblies (0ms)
				RefreshPlugins (47ms)
				BeforeProcessingInitializeOnLoad (80ms)
				ProcessInitializeOnLoadAttributes (548ms)
				ProcessInitializeOnLoadMethodAttributes (23ms)
				AfterProcessingInitializeOnLoad (9ms)
				EditorAssembliesLoaded (0ms)
			ExecutionOrderSort2 (0ms)
			AwakeInstancesAfterBackupRestoration (10ms)
Platform modules already initialized, skipping
========================================================================
Worker process is ready to serve import requests
Launched and connected shader compiler UnityShaderCompiler.exe after 0.42 seconds
Refreshing native plugins compatible for Editor in 0.51 ms, found 3 plugins.
Preloading 0 native plugins for Editor in 0.00 ms.
Unloading 2086 Unused Serialized files (Serialized files now loaded: 0)
System memory in use before: 93.0 MB.
System memory in use after: 93.0 MB.

Unloading 33 unused Assets to reduce memory usage. Loaded Objects now: 2519.
Total: 3.129000 ms (FindLiveObjects: 0.245900 ms CreateObjectMapping: 0.093800 ms MarkObjects: 2.635300 ms  DeleteObjects: 0.152500 ms)

AssetImportParameters requested are different than current active one (requested -> active):
  custom:framework-win-MediaFoundation: 216162199b28c13a410421893ffa2e32 -> 
  custom:video-decoder-ogg-theora: a1e56fd34408186e4bbccfd4996cb3dc -> 
  custom:container-muxer-webm: aa71ff27fc2769a1b78a27578f13a17b -> 
  custom:container-demuxer-webm: 4f35f7cbe854078d1ac9338744f61a02 -> 
  custom:container-demuxer-ogg: 62fdf1f143b41e24485cea50d1cbac27 -> 
  custom:video-encoder-webm-vp8: eb34c28f22e8b96e1ab97ce403110664 -> 
  custom:video-decoder-webm-vp8: 9c59270c3fd7afecdb556c50c9e8de78 -> 
  custom:audio-decoder-ogg-vorbis: bf7c407c2cedff20999df2af8eb42d56 -> 
  custom:audio-encoder-webm-vorbis: bf7c407c2cedff20999df2af8eb42d56 -> 
========================================================================
Received Import Request.
  path: Assets/Scenes/main.unity
  artifactKey: Guid(c8b0b5b066c4b274f9c659a198e9851c) Importer(815301076,1909f56bfc062723c751e8b465ee728b)
Start importing Assets/Scenes/main.unity using Guid(c8b0b5b066c4b274f9c659a198e9851c) Importer(815301076,1909f56bfc062723c751e8b465ee728b)  -> (artifact id: '9f4041d7a1bdf63de725c185ec50a4b9') in 0.718975 seconds 
  Import took 0.880236 seconds .

========================================================================
Received Import Request.
  Time since last request: 1973.803934 seconds.
  path: Assets/Scenes/Dungeon1.unity
  artifactKey: Guid(1c8e3cdd631e9ce4d8a681707e9bfbb5) Importer(815301076,1909f56bfc062723c751e8b465ee728b)
Start importing Assets/Scenes/Dungeon1.unity using Guid(1c8e3cdd631e9ce4d8a681707e9bfbb5) Importer(815301076,1909f56bfc062723c751e8b465ee728b)  -> (artifact id: 'ed00de3a957fb72e0c78094fc745f1fd') in 1.823086 seconds 
  Import took 3.733670 seconds .

========================================================================
Received Import Request.
  Time since last request: 270.628079 seconds.
  path: Assets/Scenes/main.unity
  artifactKey: Guid(c8b0b5b066c4b274f9c659a198e9851c) Importer(815301076,1909f56bfc062723c751e8b465ee728b)
Start importing Assets/Scenes/main.unity using Guid(c8b0b5b066c4b274f9c659a198e9851c) Importer(815301076,1909f56bfc062723c751e8b465ee728b)  -> (artifact id: '2bbd2ca6e0101ca50bd2ab863c748bfc') in 0.063976 seconds 
  Import took 0.183432 seconds .

========================================================================
Received Import Request.
  Time since last request: 1136.681162 seconds.
  path: Assets/Artwork/16x16_sprites_by_nanouw_dboqzp5.png
  artifactKey: Guid(46e7ab38efd62af46a022cbe4058ecb6) Importer(815301076,1909f56bfc062723c751e8b465ee728b)
Start importing Assets/Artwork/16x16_sprites_by_nanouw_dboqzp5.png using Guid(46e7ab38efd62af46a022cbe4058ecb6) Importer(815301076,1909f56bfc062723c751e8b465ee728b)  -> (artifact id: '277748ee38126a0c7cd37c460897de7f') in 6.181949 seconds 
  Import took 6.208109 seconds .

========================================================================
Received Import Request.
  Time since last request: 28.531591 seconds.
  path: Assets/Artwork/16x16_sprites_by_nanouw_dboqzp5.png
  artifactKey: Guid(46e7ab38efd62af46a022cbe4058ecb6) Importer(815301076,1909f56bfc062723c751e8b465ee728b)
Start importing Assets/Artwork/16x16_sprites_by_nanouw_dboqzp5.png using Guid(46e7ab38efd62af46a022cbe4058ecb6) Importer(815301076,1909f56bfc062723c751e8b465ee728b)  -> (artifact id: '2cb1802b5c7ed27fb19b7cd1b289fca6') in 0.144290 seconds 
  Import took 0.431713 seconds .

